<?xml version="1.0" encoding="UTF-8"?>
<!-- Generated by org.testng.reporters.JUnitReportReporter -->
<testsuite hostname="usnyxs32w7n507" name="Scripts.ValidLogin" tests="1" failures="0" timestamp="12 Nov 2018 05:02:04 GMT" time="23.025" errors="0">
  <testcase name="Login" time="23.025" classname="Scripts.ValidLogin"/>
</testsuite> <!-- Scripts.ValidLogin -->
